<?xml version="1.0" encoding="UTF-8"?>
<!-- Generated by org.testng.reporters.JUnitXMLReporter -->
<testsuite hostname="DESKTOP-QACIIP8" ignored="0" name="Command line test" tests="6" failures="0" timestamp="25 Jul 2022 06:05:46 GMT" time="0.088" errors="0">
  <testcase name="openAPP" time="0.016" classname="flyonit.MavenJava.AppiumTest"/>
  <testcase name="runAPP" time="0.0" classname="flyonit.MavenJava.AppiumTest"/>
  <testcase name="getAPI" time="0.001" classname="flyonit.MavenJava.RestAPITest"/>
  <testcase name="postAPI" time="0.001" classname="flyonit.MavenJava.RestAPITest"/>
  <testcase name="browserOpen" time="0.0" classname="flyonit.MavenJava.SeleniumTest"/>
  <testcase name="hitUrl" time="0.0" classname="flyonit.MavenJava.SeleniumTest"/>
</testsuite> <!-- Command line test -->
