<?xml version="1.0" encoding="UTF-8"?>
<!-- Generated by org.testng.reporters.JUnitXMLReporter -->
<testsuite hostname="DESKTOP-QACIIP8" ignored="0" name="Test" tests="4" failures="0" timestamp="25 Jul 2022 07:38:34 GMT" time="0.056" errors="0">
  <testcase name="getAPI" time="0.013" classname="flyonit.MavenJava.RestAPITest"/>
  <testcase name="postAPI" time="0.001" classname="flyonit.MavenJava.RestAPITest"/>
  <testcase name="browserOpen" time="0.0" classname="flyonit.MavenJava.SeleniumTest"/>
  <testcase name="hitUrl" time="0.001" classname="flyonit.MavenJava.SeleniumTest"/>
</testsuite> <!-- Test -->
